<?xml version="1.0" encoding="UTF-8"?>
<!-- Generated by org.testng.reporters.JUnitReportReporter -->
<testsuite skipped="0" hostname="DESKTOP-9RKPRPI" name="com.MavenProject1.TestNgClass" tests="1" failures="0" timestamp="11 Jun 2019 05:53:17 GMT" time="0.006" errors="0">
  <testcase name="f" time="0.006" classname="com.MavenProject1.TestNgClass"/>
</testsuite> <!-- com.MavenProject1.TestNgClass -->
