<?xml version="1.0" encoding="UTF-8"?>
<!-- Generated by org.testng.reporters.JUnitReportReporter -->
<testsuite skipped="0" hostname="DESKTOP-9RKPRPI" name="com.MavenProject1.SeleniumTest" tests="1" failures="0" timestamp="10 Jun 2019 17:26:25 GMT" time="0.076" errors="0">
  <testcase name="f" time="0.076" classname="com.MavenProject1.SeleniumTest"/>
</testsuite> <!-- com.MavenProject1.SeleniumTest -->
